[2026-03-16 10:27:55] Grid Bot v7.5 Start
[2026-03-16 10:27:56] 启动前已清理 ETHUSDT 历史挂单
[2026-03-16 10:27:56] 执行线程已启动
[2026-03-16 10:27:56] 趋势停机 开启 (trend=UP strength=1.22%)
[2026-03-16 10:27:56] 风险状态切换 -> NORMAL (normal)
[2026-03-16 10:27:56] 暂停补网格: 趋势停机 trend=UP strength=1.22%
[2026-03-16 10:27:56] 价格 2171.01 挂单 0/7 pending=0
[2026-03-16 10:27:56] WebSocket started
[2026-03-16 10:28:01] 暂停补网格: 趋势停机 trend=UP strength=1.22%
[2026-03-16 10:28:01] 价格 2171.12 挂单 0/7 pending=0
[2026-03-16 10:28:06] 暂停补网格: 趋势停机 trend=UP strength=1.22%
[2026-03-16 10:28:06] 价格 2171.29 挂单 0/7 pending=0
[2026-03-16 10:28:11] 暂停补网格: 趋势停机 trend=UP strength=1.22%
[2026-03-16 10:28:11] 价格 2171.62 挂单 0/7 pending=0
[2026-03-16 10:28:16] 暂停补网格: 趋势停机 trend=UP strength=1.22%
[2026-03-16 10:28:16] 价格 2171.8 挂单 0/7 pending=0
[2026-03-16 10:28:21] 暂停补网格: 趋势停机 trend=UP strength=1.22%
[2026-03-16 10:28:21] 价格 2171.67 挂单 0/7 pending=0
[2026-03-16 10:28:26] 暂停补网格: 趋势停机 trend=UP strength=1.22%
[2026-03-16 10:28:26] 价格 2171.94 挂单 0/7 pending=0
[2026-03-16 10:28:31] 暂停补网格: 趋势停机 trend=UP strength=1.22%
[2026-03-16 10:28:31] 价格 2171.94 挂单 0/7 pending=0
[2026-03-16 10:28:36] 暂停补网格: 趋势停机 trend=UP strength=1.22%
[2026-03-16 10:28:36] 价格 2172.13 挂单 0/7 pending=0
[2026-03-16 10:28:41] 暂停补网格: 趋势停机 trend=UP strength=1.22%
[2026-03-16 10:28:41] 价格 2171.93 挂单 0/7 pending=0
[2026-03-16 10:28:47] 暂停补网格: 趋势停机 trend=UP strength=1.22%
[2026-03-16 10:28:47] 价格 2172.21 挂单 0/7 pending=0
[2026-03-16 10:28:52] 暂停补网格: 趋势停机 trend=UP strength=1.22%
[2026-03-16 10:28:52] 价格 2172.38 挂单 0/7 pending=0
[2026-03-16 10:28:57] 暂停补网格: 趋势停机 trend=UP strength=1.22%
[2026-03-16 10:28:57] 价格 2172.47 挂单 0/7 pending=0
[2026-03-16 10:29:02] 暂停补网格: 趋势停机 trend=UP strength=1.22%
[2026-03-16 10:29:02] 价格 2172.62 挂单 0/7 pending=0
[2026-03-16 10:29:07] 暂停补网格: 趋势停机 trend=UP strength=1.22%
[2026-03-16 10:29:07] 价格 2172.22 挂单 0/7 pending=0
[2026-03-16 10:29:12] 暂停补网格: 趋势停机 trend=UP strength=1.22%
[2026-03-16 10:29:12] 价格 2172.41 挂单 0/7 pending=0
[2026-03-16 10:29:17] 暂停补网格: 趋势停机 trend=UP strength=1.22%
[2026-03-16 10:29:17] 价格 2172.42 挂单 0/7 pending=0
[2026-03-16 10:29:22] 暂停补网格: 趋势停机 trend=UP strength=1.22%
[2026-03-16 10:29:22] 价格 2172.62 挂单 0/7 pending=0
[2026-03-16 10:29:27] 暂停补网格: 趋势停机 trend=UP strength=1.22%
[2026-03-16 10:29:27] 价格 2172.87 挂单 0/7 pending=0
[2026-03-16 10:29:32] 暂停补网格: 趋势停机 trend=UP strength=1.22%
[2026-03-16 10:29:32] 价格 2172.29 挂单 0/7 pending=0
[2026-03-16 10:29:37] 暂停补网格: 趋势停机 trend=UP strength=1.22%
[2026-03-16 10:29:37] 价格 2172.86 挂单 0/7 pending=0
[2026-03-16 10:29:42] 暂停补网格: 趋势停机 trend=UP strength=1.22%
[2026-03-16 10:29:42] 价格 2172.87 挂单 0/7 pending=0
[2026-03-16 10:29:47] 暂停补网格: 趋势停机 trend=UP strength=1.22%
[2026-03-16 10:29:47] 价格 2173.04 挂单 0/7 pending=0
[2026-03-16 10:29:52] 暂停补网格: 趋势停机 trend=UP strength=1.22%
[2026-03-16 10:29:52] 价格 2173.39 挂单 0/7 pending=0
[2026-03-16 10:29:57] 暂停补网格: 趋势停机 trend=UP strength=1.22%
[2026-03-16 10:29:57] 价格 2173.74 挂单 0/7 pending=0
[2026-03-16 10:30:02] 暂停补网格: 趋势停机 trend=UP strength=1.22%
[2026-03-16 10:30:02] 价格 2173.51 挂单 0/7 pending=0
[2026-03-16 10:30:07] 暂停补网格: 趋势停机 trend=UP strength=1.22%
[2026-03-16 10:30:07] 价格 2173.23 挂单 0/7 pending=0
[2026-03-16 10:30:12] 暂停补网格: 趋势停机 trend=UP strength=1.22%
[2026-03-16 10:30:12] 价格 2172.89 挂单 0/7 pending=0
[2026-03-16 10:30:17] 暂停补网格: 趋势停机 trend=UP strength=1.22%
[2026-03-16 10:30:17] 价格 2172.97 挂单 0/7 pending=0
[2026-03-16 10:30:22] 暂停补网格: 趋势停机 trend=UP strength=1.22%
[2026-03-16 10:30:23] 价格 2172.63 挂单 0/7 pending=0
[2026-03-16 10:30:28] 暂停补网格: 趋势停机 trend=UP strength=1.22%
[2026-03-16 10:30:28] 价格 2172.44 挂单 0/7 pending=0
[2026-03-16 10:30:33] 暂停补网格: 趋势停机 trend=UP strength=1.22%
[2026-03-16 10:30:33] 价格 2172.22 挂单 0/7 pending=0
[2026-03-16 10:30:38] 暂停补网格: 趋势停机 trend=UP strength=1.22%
[2026-03-16 10:30:38] 价格 2172.21 挂单 0/7 pending=0
[2026-03-16 10:30:43] 暂停补网格: 趋势停机 trend=UP strength=1.22%
[2026-03-16 10:30:43] 价格 2172.45 挂单 0/7 pending=0
[2026-03-16 10:30:48] 暂停补网格: 趋势停机 trend=UP strength=1.22%
[2026-03-16 10:30:48] 价格 2172.44 挂单 0/7 pending=0
[2026-03-16 10:30:53] 暂停补网格: 趋势停机 trend=UP strength=1.22%
[2026-03-16 10:30:53] 价格 2172.45 挂单 0/7 pending=0
[2026-03-16 10:30:58] 暂停补网格: 趋势停机 trend=UP strength=1.22%
[2026-03-16 10:30:58] 价格 2172.38 挂单 0/7 pending=0
[2026-03-16 10:31:03] 暂停补网格: 趋势停机 trend=UP strength=1.22%
[2026-03-16 10:31:03] 价格 2173.2 挂单 0/7 pending=0
[2026-03-16 10:31:08] 暂停补网格: 趋势停机 trend=UP strength=1.22%
[2026-03-16 10:31:08] 价格 2173.2 挂单 0/7 pending=0
[2026-03-16 10:31:13] 暂停补网格: 趋势停机 trend=UP strength=1.22%
[2026-03-16 10:31:13] 价格 2173.2 挂单 0/7 pending=0
[2026-03-16 10:31:18] 暂停补网格: 趋势停机 trend=UP strength=1.22%
[2026-03-16 10:31:18] 价格 2173.21 挂单 0/7 pending=0
[2026-03-16 10:31:23] 暂停补网格: 趋势停机 trend=UP strength=1.22%
[2026-03-16 10:31:23] 价格 2173.21 挂单 0/7 pending=0
[2026-03-16 10:31:28] 暂停补网格: 趋势停机 trend=UP strength=1.22%
[2026-03-16 10:31:28] 价格 2173.2 挂单 0/7 pending=0
[2026-03-16 10:31:33] 暂停补网格: 趋势停机 trend=UP strength=1.22%
[2026-03-16 10:31:33] 价格 2173.2 挂单 0/7 pending=0
[2026-03-16 10:31:38] 暂停补网格: 趋势停机 trend=UP strength=1.22%
[2026-03-16 10:31:38] 价格 2172.95 挂单 0/7 pending=0
[2026-03-16 10:31:43] 暂停补网格: 趋势停机 trend=UP strength=1.22%
[2026-03-16 10:31:43] 价格 2172.68 挂单 0/7 pending=0
[2026-03-16 10:31:48] 暂停补网格: 趋势停机 trend=UP strength=1.22%
[2026-03-16 10:31:48] 价格 2172.92 挂单 0/7 pending=0
[2026-03-16 10:31:53] 暂停补网格: 趋势停机 trend=UP strength=1.22%
[2026-03-16 10:31:53] 价格 2172.92 挂单 0/7 pending=0
[2026-03-16 10:31:58] 暂停补网格: 趋势停机 trend=UP strength=1.22%
[2026-03-16 10:31:58] 价格 2172.65 挂单 0/7 pending=0
[2026-03-16 10:32:04] 暂停补网格: 趋势停机 trend=UP strength=1.22%
[2026-03-16 10:32:04] 价格 2173.33 挂单 0/7 pending=0
[2026-03-16 10:32:09] 暂停补网格: 趋势停机 trend=UP strength=1.22%
[2026-03-16 10:32:09] 价格 2172.45 挂单 0/7 pending=0
[2026-03-16 10:32:14] 暂停补网格: 趋势停机 trend=UP strength=1.22%
[2026-03-16 10:32:14] 价格 2172.26 挂单 0/7 pending=0
[2026-03-16 10:32:19] 暂停补网格: 趋势停机 trend=UP strength=1.22%
[2026-03-16 10:32:19] 价格 2172.0 挂单 0/7 pending=0
[2026-03-16 10:32:24] 暂停补网格: 趋势停机 trend=UP strength=1.22%
[2026-03-16 10:32:24] 价格 2171.64 挂单 0/7 pending=0
[2026-03-16 10:32:29] 暂停补网格: 趋势停机 trend=UP strength=1.22%
[2026-03-16 10:32:29] 价格 2171.54 挂单 0/7 pending=0
[2026-03-16 10:32:34] 暂停补网格: 趋势停机 trend=UP strength=1.22%
[2026-03-16 10:32:34] 价格 2171.44 挂单 0/7 pending=0
[2026-03-16 10:32:39] 暂停补网格: 趋势停机 trend=UP strength=1.22%
[2026-03-16 10:32:39] 价格 2171.07 挂单 0/7 pending=0
[2026-03-16 10:32:44] 暂停补网格: 趋势停机 trend=UP strength=1.22%
[2026-03-16 10:32:44] 价格 2171.06 挂单 0/7 pending=0
[2026-03-16 10:32:49] 暂停补网格: 趋势停机 trend=UP strength=1.22%
[2026-03-16 10:32:49] 价格 2171.47 挂单 0/7 pending=0
[2026-03-16 10:32:54] 暂停补网格: 趋势停机 trend=UP strength=1.22%
[2026-03-16 10:32:54] 价格 2171.53 挂单 0/7 pending=0
[2026-03-16 10:32:59] 趋势停机 开启 (trend=UP strength=1.23%)
[2026-03-16 10:32:59] 暂停补网格: 趋势停机 trend=UP strength=1.23%
[2026-03-16 10:32:59] 价格 2171.0 挂单 0/7 pending=0
[2026-03-16 10:33:04] 暂停补网格: 趋势停机 trend=UP strength=1.23%
[2026-03-16 10:33:04] 价格 2171.0 挂单 0/7 pending=0
[2026-03-16 10:33:09] 暂停补网格: 趋势停机 trend=UP strength=1.23%
[2026-03-16 10:33:09] 价格 2171.0 挂单 0/7 pending=0
[2026-03-16 10:33:14] 暂停补网格: 趋势停机 trend=UP strength=1.23%
[2026-03-16 10:33:14] 价格 2170.93 挂单 0/7 pending=0
[2026-03-16 10:33:19] 暂停补网格: 趋势停机 trend=UP strength=1.23%
[2026-03-16 10:33:19] 价格 2170.71 挂单 0/7 pending=0
[2026-03-16 10:33:24] 暂停补网格: 趋势停机 trend=UP strength=1.23%
[2026-03-16 10:33:24] 价格 2170.7 挂单 0/7 pending=0
[2026-03-16 10:33:29] 暂停补网格: 趋势停机 trend=UP strength=1.23%
[2026-03-16 10:33:29] 价格 2171.51 挂单 0/7 pending=0
[2026-03-16 10:33:34] 暂停补网格: 趋势停机 trend=UP strength=1.23%
[2026-03-16 10:33:34] 价格 2171.99 挂单 0/7 pending=0
[2026-03-16 10:33:39] 暂停补网格: 趋势停机 trend=UP strength=1.23%
[2026-03-16 10:33:39] 价格 2172.0 挂单 0/7 pending=0
[2026-03-16 10:33:45] 暂停补网格: 趋势停机 trend=UP strength=1.23%
[2026-03-16 10:33:45] 价格 2171.7 挂单 0/7 pending=0
[2026-03-16 10:33:50] 暂停补网格: 趋势停机 trend=UP strength=1.23%
[2026-03-16 10:33:50] 价格 2171.96 挂单 0/7 pending=0
[2026-03-16 10:33:55] 暂停补网格: 趋势停机 trend=UP strength=1.23%
[2026-03-16 10:33:55] 价格 2172.39 挂单 0/7 pending=0
[2026-03-16 10:34:00] 暂停补网格: 趋势停机 trend=UP strength=1.23%
[2026-03-16 10:34:00] 价格 2172.11 挂单 0/7 pending=0
[2026-03-16 10:34:05] 暂停补网格: 趋势停机 trend=UP strength=1.23%
[2026-03-16 10:34:05] 价格 2172.99 挂单 0/7 pending=0
[2026-03-16 10:34:10] 暂停补网格: 趋势停机 trend=UP strength=1.23%
[2026-03-16 10:34:10] 价格 2172.99 挂单 0/7 pending=0
[2026-03-16 10:34:15] 暂停补网格: 趋势停机 trend=UP strength=1.23%
[2026-03-16 10:34:15] 价格 2172.99 挂单 0/7 pending=0
[2026-03-16 10:34:20] 暂停补网格: 趋势停机 trend=UP strength=1.23%
[2026-03-16 10:34:20] 价格 2172.83 挂单 0/7 pending=0
[2026-03-16 10:34:25] 暂停补网格: 趋势停机 trend=UP strength=1.23%
[2026-03-16 10:34:25] 价格 2173.2 挂单 0/7 pending=0
[2026-03-16 10:34:30] 暂停补网格: 趋势停机 trend=UP strength=1.23%
[2026-03-16 10:34:30] 价格 2173.2 挂单 0/7 pending=0
[2026-03-16 10:34:35] 暂停补网格: 趋势停机 trend=UP strength=1.23%
[2026-03-16 10:34:35] 价格 2173.21 挂单 0/7 pending=0
[2026-03-16 10:34:40] 暂停补网格: 趋势停机 trend=UP strength=1.23%
[2026-03-16 10:34:40] 价格 2173.2 挂单 0/7 pending=0
[2026-03-16 10:34:45] 暂停补网格: 趋势停机 trend=UP strength=1.23%
[2026-03-16 10:34:45] 价格 2173.2 挂单 0/7 pending=0
[2026-03-16 10:34:50] 暂停补网格: 趋势停机 trend=UP strength=1.23%
[2026-03-16 10:34:50] 价格 2173.2 挂单 0/7 pending=0
[2026-03-16 10:34:55] 暂停补网格: 趋势停机 trend=UP strength=1.23%
[2026-03-16 10:34:55] 价格 2173.21 挂单 0/7 pending=0
[2026-03-16 10:35:00] 暂停补网格: 趋势停机 trend=UP strength=1.23%
[2026-03-16 10:35:00] 价格 2172.84 挂单 0/7 pending=0
[2026-03-16 10:35:05] 暂停补网格: 趋势停机 trend=UP strength=1.23%
[2026-03-16 10:35:05] 价格 2172.83 挂单 0/7 pending=0
[2026-03-16 10:35:10] 暂停补网格: 趋势停机 trend=UP strength=1.23%
[2026-03-16 10:35:10] 价格 2173.04 挂单 0/7 pending=0
[2026-03-16 10:35:16] 暂停补网格: 趋势停机 trend=UP strength=1.23%
[2026-03-16 10:35:16] 价格 2172.64 挂单 0/7 pending=0
[2026-03-16 10:35:21] 暂停补网格: 趋势停机 trend=UP strength=1.23%
[2026-03-16 10:35:21] 价格 2172.78 挂单 0/7 pending=0
[2026-03-16 10:35:26] 暂停补网格: 趋势停机 trend=UP strength=1.23%
[2026-03-16 10:35:26] 价格 2172.95 挂单 0/7 pending=0
[2026-03-16 10:35:31] 暂停补网格: 趋势停机 trend=UP strength=1.23%
[2026-03-16 10:35:31] 价格 2172.95 挂单 0/7 pending=0
[2026-03-16 10:35:36] 暂停补网格: 趋势停机 trend=UP strength=1.23%
[2026-03-16 10:35:36] 价格 2172.65 挂单 0/7 pending=0
[2026-03-16 10:35:41] 暂停补网格: 趋势停机 trend=UP strength=1.23%
[2026-03-16 10:35:41] 价格 2172.85 挂单 0/7 pending=0
[2026-03-16 10:35:46] 暂停补网格: 趋势停机 trend=UP strength=1.23%
[2026-03-16 10:35:46] 价格 2173.51 挂单 0/7 pending=0
[2026-03-16 10:35:51] 暂停补网格: 趋势停机 trend=UP strength=1.23%
[2026-03-16 10:35:51] 价格 2173.62 挂单 0/7 pending=0
[2026-03-16 10:35:56] 暂停补网格: 趋势停机 trend=UP strength=1.23%
[2026-03-16 10:35:56] 价格 2173.9 挂单 0/7 pending=0
[2026-03-16 10:36:01] 暂停补网格: 趋势停机 trend=UP strength=1.23%
[2026-03-16 10:36:01] 价格 2173.95 挂单 0/7 pending=0
[2026-03-16 10:36:06] 暂停补网格: 趋势停机 trend=UP strength=1.23%
[2026-03-16 10:36:06] 价格 2173.57 挂单 0/7 pending=0
[2026-03-16 10:36:11] 暂停补网格: 趋势停机 trend=UP strength=1.23%
[2026-03-16 10:36:11] 价格 2173.77 挂单 0/7 pending=0
[2026-03-16 10:36:16] 暂停补网格: 趋势停机 trend=UP strength=1.23%
[2026-03-16 10:36:16] 价格 2173.56 挂单 0/7 pending=0
[2026-03-16 10:36:21] 暂停补网格: 趋势停机 trend=UP strength=1.23%
[2026-03-16 10:36:21] 价格 2172.8 挂单 0/7 pending=0
[2026-03-16 10:36:26] 暂停补网格: 趋势停机 trend=UP strength=1.23%
[2026-03-16 10:36:26] 价格 2172.42 挂单 0/7 pending=0
[2026-03-16 10:36:31] 暂停补网格: 趋势停机 trend=UP strength=1.23%
[2026-03-16 10:36:31] 价格 2172.74 挂单 0/7 pending=0
[2026-03-16 10:36:36] 暂停补网格: 趋势停机 trend=UP strength=1.23%
[2026-03-16 10:36:36] 价格 2172.37 挂单 0/7 pending=0
[2026-03-16 10:36:41] 暂停补网格: 趋势停机 trend=UP strength=1.23%
[2026-03-16 10:36:41] 价格 2172.26 挂单 0/7 pending=0
[2026-03-16 10:36:46] 暂停补网格: 趋势停机 trend=UP strength=1.23%
[2026-03-16 10:36:46] 价格 2172.7 挂单 0/7 pending=0
[2026-03-16 10:36:52] 暂停补网格: 趋势停机 trend=UP strength=1.23%
[2026-03-16 10:36:52] 价格 2172.53 挂单 0/7 pending=0
[2026-03-16 10:36:57] 暂停补网格: 趋势停机 trend=UP strength=1.23%
[2026-03-16 10:36:57] 价格 2172.85 挂单 0/7 pending=0
[2026-03-16 10:37:02] 暂停补网格: 趋势停机 trend=UP strength=1.23%
[2026-03-16 10:37:02] 价格 2173.44 挂单 0/7 pending=0
[2026-03-16 10:37:07] 暂停补网格: 趋势停机 trend=UP strength=1.23%
[2026-03-16 10:37:07] 价格 2173.76 挂单 0/7 pending=0
[2026-03-16 10:37:12] 暂停补网格: 趋势停机 trend=UP strength=1.23%
[2026-03-16 10:37:12] 价格 2173.76 挂单 0/7 pending=0
[2026-03-16 10:37:17] 暂停补网格: 趋势停机 trend=UP strength=1.23%
[2026-03-16 10:37:17] 价格 2173.77 挂单 0/7 pending=0
[2026-03-16 10:37:22] 暂停补网格: 趋势停机 trend=UP strength=1.23%
[2026-03-16 10:37:22] 价格 2173.98 挂单 0/7 pending=0
[2026-03-16 10:37:27] 暂停补网格: 趋势停机 trend=UP strength=1.23%
[2026-03-16 10:37:27] 价格 2174.39 挂单 0/7 pending=0
[2026-03-16 10:37:32] 暂停补网格: 趋势停机 trend=UP strength=1.23%
[2026-03-16 10:37:32] 价格 2174.82 挂单 0/7 pending=0
[2026-03-16 10:37:37] 暂停补网格: 趋势停机 trend=UP strength=1.23%
[2026-03-16 10:37:37] 价格 2175.12 挂单 0/7 pending=0
[2026-03-16 10:37:42] 暂停补网格: 趋势停机 trend=UP strength=1.23%
[2026-03-16 10:37:42] 价格 2175.0 挂单 0/7 pending=0
[2026-03-16 10:37:47] 暂停补网格: 趋势停机 trend=UP strength=1.23%
[2026-03-16 10:37:47] 价格 2175.0 挂单 0/7 pending=0
[2026-03-16 10:37:52] 暂停补网格: 趋势停机 trend=UP strength=1.23%
[2026-03-16 10:37:52] 价格 2175.58 挂单 0/7 pending=0
[2026-03-16 10:37:57] 暂停补网格: 趋势停机 trend=UP strength=1.23%
[2026-03-16 10:37:57] 价格 2175.44 挂单 0/7 pending=0
[2026-03-16 10:38:02] 趋势停机 开启 (trend=UP strength=1.26%)
[2026-03-16 10:38:02] 暂停补网格: 趋势停机 trend=UP strength=1.26%
[2026-03-16 10:38:02] 价格 2175.44 挂单 0/7 pending=0
[2026-03-16 10:38:07] 暂停补网格: 趋势停机 trend=UP strength=1.26%
[2026-03-16 10:38:07] 价格 2175.57 挂单 0/7 pending=0
[2026-03-16 10:38:12] 暂停补网格: 趋势停机 trend=UP strength=1.26%
[2026-03-16 10:38:12] 价格 2175.59 挂单 0/7 pending=0
[2026-03-16 10:38:17] 暂停补网格: 趋势停机 trend=UP strength=1.26%
[2026-03-16 10:38:17] 价格 2175.7 挂单 0/7 pending=0
[2026-03-16 10:38:22] 暂停补网格: 趋势停机 trend=UP strength=1.26%
[2026-03-16 10:38:22] 价格 2175.34 挂单 0/7 pending=0
[2026-03-16 10:38:27] 暂停补网格: 趋势停机 trend=UP strength=1.26%
[2026-03-16 10:38:27] 价格 2175.59 挂单 0/7 pending=0
[2026-03-16 10:38:32] 暂停补网格: 趋势停机 trend=UP strength=1.26%
[2026-03-16 10:38:33] 价格 2175.75 挂单 0/7 pending=0
[2026-03-16 10:38:38] 暂停补网格: 趋势停机 trend=UP strength=1.26%
[2026-03-16 10:38:38] 价格 2175.74 挂单 0/7 pending=0
[2026-03-16 10:38:43] 暂停补网格: 趋势停机 trend=UP strength=1.26%
[2026-03-16 10:38:43] 价格 2175.84 挂单 0/7 pending=0
[2026-03-16 10:38:48] 暂停补网格: 趋势停机 trend=UP strength=1.26%
[2026-03-16 10:38:48] 价格 2176.7 挂单 0/7 pending=0
[2026-03-16 10:38:53] 暂停补网格: 趋势停机 trend=UP strength=1.26%
[2026-03-16 10:38:53] 价格 2176.53 挂单 0/7 pending=0
[2026-03-16 10:38:58] 暂停补网格: 趋势停机 trend=UP strength=1.26%
[2026-03-16 10:38:58] 价格 2176.65 挂单 0/7 pending=0
[2026-03-16 10:39:03] 暂停补网格: 趋势停机 trend=UP strength=1.26%
[2026-03-16 10:39:03] 价格 2176.64 挂单 0/7 pending=0
[2026-03-16 10:39:08] 暂停补网格: 趋势停机 trend=UP strength=1.26%
[2026-03-16 10:39:08] 价格 2176.94 挂单 0/7 pending=0
[2026-03-16 10:39:13] 暂停补网格: 趋势停机 trend=UP strength=1.26%
[2026-03-16 10:39:13] 价格 2176.66 挂单 0/7 pending=0
[2026-03-16 10:39:18] 暂停补网格: 趋势停机 trend=UP strength=1.26%
[2026-03-16 10:39:18] 价格 2176.29 挂单 0/7 pending=0
[2026-03-16 10:39:23] 暂停补网格: 趋势停机 trend=UP strength=1.26%
[2026-03-16 10:39:23] 价格 2176.09 挂单 0/7 pending=0
[2026-03-16 10:39:28] 暂停补网格: 趋势停机 trend=UP strength=1.26%
[2026-03-16 10:39:28] 价格 2176.09 挂单 0/7 pending=0
[2026-03-16 10:39:33] 暂停补网格: 趋势停机 trend=UP strength=1.26%
[2026-03-16 10:39:33] 价格 2176.02 挂单 0/7 pending=0
[2026-03-16 10:39:38] 暂停补网格: 趋势停机 trend=UP strength=1.26%
[2026-03-16 10:39:38] 价格 2176.02 挂单 0/7 pending=0
[2026-03-16 10:39:43] 暂停补网格: 趋势停机 trend=UP strength=1.26%
[2026-03-16 10:39:43] 价格 2176.02 挂单 0/7 pending=0
[2026-03-16 10:39:48] 暂停补网格: 趋势停机 trend=UP strength=1.26%
[2026-03-16 10:39:48] 价格 2175.81 挂单 0/7 pending=0
[2026-03-16 10:39:53] 暂停补网格: 趋势停机 trend=UP strength=1.26%
[2026-03-16 10:39:53] 价格 2175.8 挂单 0/7 pending=0
[2026-03-16 10:39:58] 暂停补网格: 趋势停机 trend=UP strength=1.26%
[2026-03-16 10:39:58] 价格 2175.8 挂单 0/7 pending=0
[2026-03-16 10:40:03] 暂停补网格: 趋势停机 trend=UP strength=1.26%
[2026-03-16 10:40:03] 价格 2175.97 挂单 0/7 pending=0
[2026-03-16 10:40:08] 暂停补网格: 趋势停机 trend=UP strength=1.26%
[2026-03-16 10:40:08] 价格 2175.8 挂单 0/7 pending=0
[2026-03-16 10:40:13] 暂停补网格: 趋势停机 trend=UP strength=1.26%
[2026-03-16 10:40:13] 价格 2175.74 挂单 0/7 pending=0
[2026-03-16 10:40:19] 暂停补网格: 趋势停机 trend=UP strength=1.26%
[2026-03-16 10:40:19] 价格 2175.57 挂单 0/7 pending=0
[2026-03-16 10:40:24] 暂停补网格: 趋势停机 trend=UP strength=1.26%
[2026-03-16 10:40:24] 价格 2175.57 挂单 0/7 pending=0
[2026-03-16 10:40:29] 暂停补网格: 趋势停机 trend=UP strength=1.26%
[2026-03-16 10:40:29] 价格 2176.08 挂单 0/7 pending=0
[2026-03-16 10:40:34] 暂停补网格: 趋势停机 trend=UP strength=1.26%
[2026-03-16 10:40:34] 价格 2176.29 挂单 0/7 pending=0
[2026-03-16 10:40:39] 暂停补网格: 趋势停机 trend=UP strength=1.26%
[2026-03-16 10:40:39] 价格 2176.73 挂单 0/7 pending=0
[2026-03-16 10:40:44] 暂停补网格: 趋势停机 trend=UP strength=1.26%
[2026-03-16 10:40:44] 价格 2176.72 挂单 0/7 pending=0
[2026-03-16 10:40:49] 暂停补网格: 趋势停机 trend=UP strength=1.26%
[2026-03-16 10:40:49] 价格 2176.7 挂单 0/7 pending=0
[2026-03-16 10:40:54] 暂停补网格: 趋势停机 trend=UP strength=1.26%
[2026-03-16 10:40:54] 价格 2176.14 挂单 0/7 pending=0
[2026-03-16 10:40:59] 暂停补网格: 趋势停机 trend=UP strength=1.26%
[2026-03-16 10:40:59] 价格 2175.72 挂单 0/7 pending=0
[2026-03-16 10:41:04] 暂停补网格: 趋势停机 trend=UP strength=1.26%
[2026-03-16 10:41:04] 价格 2175.71 挂单 0/7 pending=0
[2026-03-16 10:41:09] 暂停补网格: 趋势停机 trend=UP strength=1.26%
[2026-03-16 10:41:09] 价格 2175.52 挂单 0/7 pending=0
[2026-03-16 10:41:14] 暂停补网格: 趋势停机 trend=UP strength=1.26%
[2026-03-16 10:41:14] 价格 2175.51 挂单 0/7 pending=0
[2026-03-16 10:41:19] 暂停补网格: 趋势停机 trend=UP strength=1.26%
[2026-03-16 10:41:19] 价格 2175.25 挂单 0/7 pending=0
[2026-03-16 10:41:24] 暂停补网格: 趋势停机 trend=UP strength=1.26%
[2026-03-16 10:41:24] 价格 2175.25 挂单 0/7 pending=0
[2026-03-16 10:41:29] 暂停补网格: 趋势停机 trend=UP strength=1.26%
[2026-03-16 10:41:29] 价格 2175.24 挂单 0/7 pending=0
[2026-03-16 10:41:34] 暂停补网格: 趋势停机 trend=UP strength=1.26%
[2026-03-16 10:41:34] 价格 2175.74 挂单 0/7 pending=0
[2026-03-16 10:41:39] 暂停补网格: 趋势停机 trend=UP strength=1.26%
[2026-03-16 10:41:39] 价格 2175.75 挂单 0/7 pending=0
[2026-03-16 10:41:44] 暂停补网格: 趋势停机 trend=UP strength=1.26%
[2026-03-16 10:41:44] 价格 2176.11 挂单 0/7 pending=0
[2026-03-16 10:41:49] 暂停补网格: 趋势停机 trend=UP strength=1.26%
[2026-03-16 10:41:49] 价格 2176.04 挂单 0/7 pending=0
[2026-03-16 10:41:54] 暂停补网格: 趋势停机 trend=UP strength=1.26%
[2026-03-16 10:41:54] 价格 2176.03 挂单 0/7 pending=0
[2026-03-16 10:42:00] 暂停补网格: 趋势停机 trend=UP strength=1.26%
[2026-03-16 10:42:00] 价格 2176.04 挂单 0/7 pending=0
[2026-03-16 10:42:05] 暂停补网格: 趋势停机 trend=UP strength=1.26%
[2026-03-16 10:42:05] 价格 2176.33 挂单 0/7 pending=0
[2026-03-16 10:42:10] 暂停补网格: 趋势停机 trend=UP strength=1.26%
[2026-03-16 10:42:10] 价格 2176.33 挂单 0/7 pending=0
[2026-03-16 10:42:15] 暂停补网格: 趋势停机 trend=UP strength=1.26%
[2026-03-16 10:42:15] 价格 2176.89 挂单 0/7 pending=0
[2026-03-16 10:42:20] 暂停补网格: 趋势停机 trend=UP strength=1.26%
[2026-03-16 10:42:20] 价格 2176.68 挂单 0/7 pending=0
[2026-03-16 10:42:25] 暂停补网格: 趋势停机 trend=UP strength=1.26%
[2026-03-16 10:42:25] 价格 2176.67 挂单 0/7 pending=0
[2026-03-16 10:42:30] 暂停补网格: 趋势停机 trend=UP strength=1.26%
[2026-03-16 10:42:30] 价格 2176.56 挂单 0/7 pending=0
[2026-03-16 10:42:35] 暂停补网格: 趋势停机 trend=UP strength=1.26%
[2026-03-16 10:42:35] 价格 2176.39 挂单 0/7 pending=0
[2026-03-16 10:42:40] 暂停补网格: 趋势停机 trend=UP strength=1.26%
[2026-03-16 10:42:40] 价格 2176.21 挂单 0/7 pending=0
[2026-03-16 10:42:45] 暂停补网格: 趋势停机 trend=UP strength=1.26%
[2026-03-16 10:42:45] 价格 2176.21 挂单 0/7 pending=0
[2026-03-16 10:42:50] 暂停补网格: 趋势停机 trend=UP strength=1.26%
[2026-03-16 10:42:50] 价格 2176.9 挂单 0/7 pending=0
[2026-03-16 10:42:55] 暂停补网格: 趋势停机 trend=UP strength=1.26%
[2026-03-16 10:42:55] 价格 2176.68 挂单 0/7 pending=0
[2026-03-16 10:43:00] 暂停补网格: 趋势停机 trend=UP strength=1.26%
[2026-03-16 10:43:00] 价格 2176.69 挂单 0/7 pending=0
[2026-03-16 10:43:05] 趋势停机 开启 (trend=UP strength=1.27%)
[2026-03-16 10:43:05] 暂停补网格: 趋势停机 trend=UP strength=1.27%
[2026-03-16 10:43:05] 价格 2176.55 挂单 0/7 pending=0
[2026-03-16 10:43:10] 暂停补网格: 趋势停机 trend=UP strength=1.27%
[2026-03-16 10:43:10] 价格 2176.56 挂单 0/7 pending=0
[2026-03-16 10:43:15] 暂停补网格: 趋势停机 trend=UP strength=1.27%
[2026-03-16 10:43:15] 价格 2176.29 挂单 0/7 pending=0
[2026-03-16 10:43:20] 暂停补网格: 趋势停机 trend=UP strength=1.27%
[2026-03-16 10:43:20] 价格 2176.04 挂单 0/7 pending=0
[2026-03-16 10:43:25] 暂停补网格: 趋势停机 trend=UP strength=1.27%
[2026-03-16 10:43:25] 价格 2176.13 挂单 0/7 pending=0
[2026-03-16 10:43:30] 暂停补网格: 趋势停机 trend=UP strength=1.27%
[2026-03-16 10:43:30] 价格 2176.83 挂单 0/7 pending=0
[2026-03-16 10:43:35] 暂停补网格: 趋势停机 trend=UP strength=1.27%
[2026-03-16 10:43:35] 价格 2176.05 挂单 0/7 pending=0
[2026-03-16 10:43:41] 暂停补网格: 趋势停机 trend=UP strength=1.27%
[2026-03-16 10:43:41] 价格 2176.05 挂单 0/7 pending=0
[2026-03-16 10:43:46] 暂停补网格: 趋势停机 trend=UP strength=1.27%
[2026-03-16 10:43:46] 价格 2176.04 挂单 0/7 pending=0
[2026-03-16 10:43:51] 暂停补网格: 趋势停机 trend=UP strength=1.27%
[2026-03-16 10:43:51] 价格 2176.33 挂单 0/7 pending=0
[2026-03-16 10:43:56] 暂停补网格: 趋势停机 trend=UP strength=1.27%
[2026-03-16 10:43:56] 价格 2176.34 挂单 0/7 pending=0
[2026-03-16 10:44:01] 暂停补网格: 趋势停机 trend=UP strength=1.27%
[2026-03-16 10:44:01] 价格 2176.33 挂单 0/7 pending=0
[2026-03-16 10:44:06] 暂停补网格: 趋势停机 trend=UP strength=1.27%
[2026-03-16 10:44:06] 价格 2176.33 挂单 0/7 pending=0
[2026-03-16 10:44:11] 暂停补网格: 趋势停机 trend=UP strength=1.27%
[2026-03-16 10:44:11] 价格 2176.29 挂单 0/7 pending=0
[2026-03-16 10:44:16] 暂停补网格: 趋势停机 trend=UP strength=1.27%
[2026-03-16 10:44:16] 价格 2177.04 挂单 0/7 pending=0
[2026-03-16 10:44:21] 暂停补网格: 趋势停机 trend=UP strength=1.27%
[2026-03-16 10:44:21] 价格 2177.04 挂单 0/7 pending=0
[2026-03-16 10:44:26] 暂停补网格: 趋势停机 trend=UP strength=1.27%
[2026-03-16 10:44:26] 价格 2177.04 挂单 0/7 pending=0
[2026-03-16 10:44:31] 暂停补网格: 趋势停机 trend=UP strength=1.27%
[2026-03-16 10:44:31] 价格 2176.78 挂单 0/7 pending=0
[2026-03-16 10:44:36] 暂停补网格: 趋势停机 trend=UP strength=1.27%
[2026-03-16 10:44:36] 价格 2176.78 挂单 0/7 pending=0
[2026-03-16 10:44:41] 暂停补网格: 趋势停机 trend=UP strength=1.27%
[2026-03-16 10:44:41] 价格 2176.77 挂单 0/7 pending=0
[2026-03-16 10:44:46] 暂停补网格: 趋势停机 trend=UP strength=1.27%
[2026-03-16 10:44:46] 价格 2175.92 挂单 0/7 pending=0
[2026-03-16 10:44:51] 暂停补网格: 趋势停机 trend=UP strength=1.27%
[2026-03-16 10:44:51] 价格 2176.33 挂单 0/7 pending=0
[2026-03-16 10:44:56] 暂停补网格: 趋势停机 trend=UP strength=1.27%
[2026-03-16 10:44:56] 价格 2176.33 挂单 0/7 pending=0
[2026-03-16 10:45:02] 暂停补网格: 趋势停机 trend=UP strength=1.27%
[2026-03-16 10:45:02] 价格 2176.86 挂单 0/7 pending=0
[2026-03-16 10:45:07] 暂停补网格: 趋势停机 trend=UP strength=1.27%
[2026-03-16 10:45:07] 价格 2176.63 挂单 0/7 pending=0
[2026-03-16 10:45:12] 暂停补网格: 趋势停机 trend=UP strength=1.27%
[2026-03-16 10:45:12] 价格 2176.48 挂单 0/7 pending=0
[2026-03-16 10:45:17] 暂停补网格: 趋势停机 trend=UP strength=1.27%
[2026-03-16 10:45:17] 价格 2176.26 挂单 0/7 pending=0
[2026-03-16 10:45:22] 暂停补网格: 趋势停机 trend=UP strength=1.27%
[2026-03-16 10:45:22] 价格 2176.26 挂单 0/7 pending=0
[2026-03-16 10:45:27] 暂停补网格: 趋势停机 trend=UP strength=1.27%
[2026-03-16 10:45:27] 价格 2176.26 挂单 0/7 pending=0
[2026-03-16 10:45:32] 暂停补网格: 趋势停机 trend=UP strength=1.27%
[2026-03-16 10:45:32] 价格 2176.18 挂单 0/7 pending=0
[2026-03-16 10:45:37] 暂停补网格: 趋势停机 trend=UP strength=1.27%
[2026-03-16 10:45:37] 价格 2176.19 挂单 0/7 pending=0
[2026-03-16 10:45:42] 暂停补网格: 趋势停机 trend=UP strength=1.27%
[2026-03-16 10:45:42] 价格 2176.02 挂单 0/7 pending=0
[2026-03-16 10:45:47] 暂停补网格: 趋势停机 trend=UP strength=1.27%
[2026-03-16 10:45:47] 价格 2176.02 挂单 0/7 pending=0
[2026-03-16 10:45:52] 暂停补网格: 趋势停机 trend=UP strength=1.27%
[2026-03-16 10:45:52] 价格 2176.34 挂单 0/7 pending=0
[2026-03-16 10:45:57] 暂停补网格: 趋势停机 trend=UP strength=1.27%
[2026-03-16 10:45:57] 价格 2175.68 挂单 0/7 pending=0
[2026-03-16 10:46:02] 暂停补网格: 趋势停机 trend=UP strength=1.27%
[2026-03-16 10:46:02] 价格 2177.12 挂单 0/7 pending=0
[2026-03-16 10:46:07] 暂停补网格: 趋势停机 trend=UP strength=1.27%
[2026-03-16 10:46:07] 价格 2177.67 挂单 0/7 pending=0
[2026-03-16 10:46:12] 暂停补网格: 趋势停机 trend=UP strength=1.27%
[2026-03-16 10:46:12] 价格 2177.77 挂单 0/7 pending=0
[2026-03-16 10:46:17] 暂停补网格: 趋势停机 trend=UP strength=1.27%
[2026-03-16 10:46:17] 价格 2178.24 挂单 0/7 pending=0
[2026-03-16 10:46:22] 暂停补网格: 趋势停机 trend=UP strength=1.27%
[2026-03-16 10:46:22] 价格 2177.82 挂单 0/7 pending=0
[2026-03-16 10:46:27] 暂停补网格: 趋势停机 trend=UP strength=1.27%
[2026-03-16 10:46:27] 价格 2177.5 挂单 0/7 pending=0
[2026-03-16 10:46:33] 暂停补网格: 趋势停机 trend=UP strength=1.27%
[2026-03-16 10:46:33] 价格 2176.94 挂单 0/7 pending=0
[2026-03-16 10:46:38] 暂停补网格: 趋势停机 trend=UP strength=1.27%
[2026-03-16 10:46:38] 价格 2176.94 挂单 0/7 pending=0
[2026-03-16 10:46:43] 暂停补网格: 趋势停机 trend=UP strength=1.27%
[2026-03-16 10:46:43] 价格 2176.77 挂单 0/7 pending=0
[2026-03-16 10:46:48] 暂停补网格: 趋势停机 trend=UP strength=1.27%
[2026-03-16 10:46:48] 价格 2176.78 挂单 0/7 pending=0
[2026-03-16 10:46:53] 暂停补网格: 趋势停机 trend=UP strength=1.27%
[2026-03-16 10:46:53] 价格 2176.95 挂单 0/7 pending=0
[2026-03-16 10:46:58] 暂停补网格: 趋势停机 trend=UP strength=1.27%
[2026-03-16 10:46:58] 价格 2176.95 挂单 0/7 pending=0
[2026-03-16 10:47:03] 暂停补网格: 趋势停机 trend=UP strength=1.27%
[2026-03-16 10:47:03] 价格 2177.5 挂单 0/7 pending=0
[2026-03-16 10:47:08] 暂停补网格: 趋势停机 trend=UP strength=1.27%
[2026-03-16 10:47:08] 价格 2177.26 挂单 0/7 pending=0
[2026-03-16 10:47:13] 暂停补网格: 趋势停机 trend=UP strength=1.27%
[2026-03-16 10:47:13] 价格 2177.26 挂单 0/7 pending=0
[2026-03-16 10:47:18] 暂停补网格: 趋势停机 trend=UP strength=1.27%
[2026-03-16 10:47:18] 价格 2177.49 挂单 0/7 pending=0
[2026-03-16 10:47:23] 暂停补网格: 趋势停机 trend=UP strength=1.27%
[2026-03-16 10:47:23] 价格 2177.56 挂单 0/7 pending=0
[2026-03-16 10:47:28] 暂停补网格: 趋势停机 trend=UP strength=1.27%
[2026-03-16 10:47:28] 价格 2177.43 挂单 0/7 pending=0
[2026-03-16 10:47:33] 暂停补网格: 趋势停机 trend=UP strength=1.27%
[2026-03-16 10:47:33] 价格 2177.31 挂单 0/7 pending=0
[2026-03-16 10:47:38] 暂停补网格: 趋势停机 trend=UP strength=1.27%
[2026-03-16 10:47:38] 价格 2177.94 挂单 0/7 pending=0
[2026-03-16 10:47:43] 暂停补网格: 趋势停机 trend=UP strength=1.27%
[2026-03-16 10:47:43] 价格 2177.5 挂单 0/7 pending=0
[2026-03-16 10:47:48] 暂停补网格: 趋势停机 trend=UP strength=1.27%
[2026-03-16 10:47:48] 价格 2177.51 挂单 0/7 pending=0
[2026-03-16 10:47:53] 暂停补网格: 趋势停机 trend=UP strength=1.27%
[2026-03-16 10:47:53] 价格 2177.43 挂单 0/7 pending=0
[2026-03-16 10:47:58] 暂停补网格: 趋势停机 trend=UP strength=1.27%
[2026-03-16 10:47:58] 价格 2176.88 挂单 0/7 pending=0
[2026-03-16 10:48:03] 暂停补网格: 趋势停机 trend=UP strength=1.27%
[2026-03-16 10:48:03] 价格 2176.53 挂单 0/7 pending=0
